#
# A fatal error has been detected by the Java Runtime Environment:
#
#  Internal Error (constantTag.cpp:59), pid=57060, tid=0x000000000000cf30
#  Error: ShouldNotReachHere()
#
# JRE version: Java(TM) SE Runtime Environment (8.0_221-b11) (build 1.8.0_221-b11)
# Java VM: Java HotSpot(TM) 64-Bit Server VM (25.221-b11 mixed mode windows-amd64 compressed oops)
# Failed to write core dump. Minidumps are not enabled by default on client versions of Windows
#
# If you would like to submit a bug report, please visit:
#   http://bugreport.java.com/bugreport/crash.jsp
#

---------------  T H R E A D  ---------------

Current thread (0x0000000017ea8000):  VMThread [stack: 0x0000000018f40000,0x0000000019040000] [id=53040]

Stack: [0x0000000018f40000,0x0000000019040000]
[error occurred during error reporting (printing stack bounds), id 0xc0000005]

Native frames: (J=compiled Java code, j=interpreted, Vv=VM code, C=native code)

VM_Operation (0x000000001997f520): GetOrSetLocal, mode: safepoint, requested by thread 0x0000000017eed800


---------------  P R O C E S S  ---------------

Java Threads: ( => current thread )
  0x000000001a6cc800 JavaThread "Okio Watchdog" daemon [_thread_blocked, id=12260, stack(0x000000001d350000,0x000000001d450000)]
  0x000000001b9dd000 JavaThread "Exec Stream Pumper" daemon [_thread_in_native, id=60308, stack(0x000000001cd50000,0x000000001ce50000)]
  0x000000001b80b000 JavaThread "Exec Stream Pumper" daemon [_thread_in_native, id=56952, stack(0x000000001cc50000,0x000000001cd50000)]
  0x000000001b7e3800 JavaThread "Exec Default Executor" daemon [_thread_in_native, id=53392, stack(0x000000001ca50000,0x000000001cb50000)]
  0x000000001aa37800 JavaThread "TestNG-tests-1" [_thread_blocked, id=20116, stack(0x000000001c150000,0x000000001c250000)]
  0x000000001a734000 JavaThread "ReaderThread" [_thread_in_native, id=3088, stack(0x000000001ad80000,0x000000001ae80000)]
  0x0000000019ed8800 JavaThread "Service Thread" daemon [_thread_blocked, id=49092, stack(0x000000001a280000,0x000000001a380000)]
  0x0000000017f14000 JavaThread "C1 CompilerThread2" daemon [_thread_blocked, id=55960, stack(0x0000000019d80000,0x0000000019e80000)]
  0x0000000017f10000 JavaThread "C2 CompilerThread1" daemon [_thread_blocked, id=41468, stack(0x0000000019c80000,0x0000000019d80000)]
  0x0000000017f0c000 JavaThread "C2 CompilerThread0" daemon [_thread_blocked, id=19248, stack(0x0000000019b80000,0x0000000019c80000)]
  0x0000000017efe800 JavaThread "JDWP Command Reader" daemon [_thread_in_native, id=59576, stack(0x0000000019a80000,0x0000000019b80000)]
  0x0000000017efd800 JavaThread "JDWP Event Helper Thread" daemon [_thread_blocked, id=49056, stack(0x0000000019980000,0x0000000019a80000)]
  0x0000000017eed800 JavaThread "JDWP Transport Listener: dt_socket" daemon [_thread_blocked, id=52744, stack(0x0000000019880000,0x0000000019980000)]
  0x0000000017ee1800 JavaThread "Attach Listener" daemon [_thread_blocked, id=22332, stack(0x0000000019440000,0x0000000019540000)]
  0x0000000017ee0800 JavaThread "Signal Dispatcher" daemon [_thread_blocked, id=57264, stack(0x0000000019340000,0x0000000019440000)]
  0x0000000017eca800 JavaThread "Finalizer" daemon [_thread_blocked, id=39952, stack(0x0000000019140000,0x0000000019240000)]
  0x00000000032a3000 JavaThread "Reference Handler" daemon [_thread_blocked, id=42628, stack(0x0000000019040000,0x0000000019140000)]
  0x00000000031b4800 JavaThread "main" [_thread_blocked, id=10144, stack(0x0000000003080000,0x0000000003180000)]

Other Threads:
=>0x0000000017ea8000 VMThread [stack: 0x0000000018f40000,0x0000000019040000] [id=53040]
  0x0000000019f03800 WatcherThread [stack: 0x000000001a380000,0x000000001a480000] [id=59028]

VM state:at safepoint (normal execution)

VM Mutex/Monitor currently owned by a thread:  ([mutex/lock_event])
[0x00000000031b15d0] Threads_lock - owner thread: 0x0000000017ea8000

heap address: 0x0000000081800000, size: 2024 MB, Compressed Oops mode: 32-bit
Narrow klass base: 0x0000000000000000, Narrow klass shift: 3
Compressed class space size: 1073741824 Address: 0x0000000100000000

Heap:
 PSYoungGen      total 38400K, used 22825K [0x00000000d5d80000, 0x00000000d8800000, 0x0000000100000000)
  eden space 33280K, 68% used [0x00000000d5d80000,0x00000000d73ca7b0,0x00000000d7e00000)
  from space 5120K, 0% used [0x00000000d7e00000,0x00000000d7e00000,0x00000000d8300000)
  to   space 5120K, 0% used [0x00000000d8300000,0x00000000d8300000,0x00000000d8800000)
 ParOldGen       total 65024K, used 7893K [0x0000000081800000, 0x0000000085780000, 0x00000000d5d80000)
  object space 65024K, 12% used [0x0000000081800000,0x0000000081fb5720,0x0000000085780000)
 Metaspace       used 24760K, capacity 25557K, committed 25600K, reserved 1071104K
  class space    used 3118K, capacity 3311K, committed 3328K, reserved 1048576K

Card table byte_map: [0x0000000012750000,0x0000000012b50000] byte_map_base: 0x0000000012344000

Marking Bits: (ParMarkBitMap*) 0x000000006a775ce0
 Begin Bits: [0x0000000013200000, 0x00000000151a0000)
 End Bits:   [0x00000000151a0000, 0x0000000017140000)

Polling page: 0x00000000018a0000

CodeCache: size=245760Kb used=7475Kb max_used=7475Kb free=238284Kb
 bounds [0x0000000003390000, 0x0000000003af0000, 0x0000000012390000]
 total_blobs=2614 nmethods=2138 adapters=396
 compilation: enabled

Compilation events (10 events):
Event: 19.362 Thread 0x0000000017f14000 2146       3       java.nio.ByteBuffer::array (35 bytes)
Event: 19.362 Thread 0x0000000017f14000 nmethod 2146 0x0000000003ad3e10 code [0x0000000003ad3fa0, 0x0000000003ad42d8]
Event: 19.375 Thread 0x0000000017f14000 2147 %     3       org.json.simple.parser.Yylex::zzUnpackCMap @ 35 (56 bytes)
Event: 19.376 Thread 0x0000000017f14000 nmethod 2147% 0x0000000003ade990 code [0x0000000003adeb60, 0x0000000003adf358]
Event: 19.378 Thread 0x0000000017f14000 2148   !   3       java.io.BufferedWriter::write (117 bytes)
Event: 19.379 Thread 0x0000000017f14000 nmethod 2148 0x0000000003adf850 code [0x0000000003adfa20, 0x0000000003ae01c8]
Event: 19.379 Thread 0x0000000017f14000 2149       3       java.io.BufferedWriter::min (9 bytes)
Event: 19.379 Thread 0x0000000017f14000 nmethod 2149 0x0000000003ad24d0 code [0x0000000003ad2620, 0x0000000003ad27b0]
Event: 20.015 Thread 0x0000000017f14000 2150       3       sun.security.provider.SHA::implDigest (96 bytes)
Event: 20.016 Thread 0x0000000017f14000 nmethod 2150 0x0000000003ae0690 code [0x0000000003ae0840, 0x0000000003ae0c88]

GC Heap History (8 events):
Event: 3.616 GC heap before
{Heap before GC invocations=1 (full 0):
 PSYoungGen      total 38400K, used 33280K [0x00000000d5d80000, 0x00000000d8800000, 0x0000000100000000)
  eden space 33280K, 100% used [0x00000000d5d80000,0x00000000d7e00000,0x00000000d7e00000)
  from space 5120K, 0% used [0x00000000d8300000,0x00000000d8300000,0x00000000d8800000)
  to   space 5120K, 0% used [0x00000000d7e00000,0x00000000d7e00000,0x00000000d8300000)
 ParOldGen       total 87552K, used 0K [0x0000000081800000, 0x0000000086d80000, 0x00000000d5d80000)
  object space 87552K, 0% used [0x0000000081800000,0x0000000081800000,0x0000000086d80000)
 Metaspace       used 12786K, capacity 12980K, committed 13184K, reserved 1060864K
  class space    used 1523K, capacity 1578K, committed 1664K, reserved 1048576K
Event: 3.628 GC heap after
Heap after GC invocations=1 (full 0):
 PSYoungGen      total 38400K, used 5097K [0x00000000d5d80000, 0x00000000d8800000, 0x0000000100000000)
  eden space 33280K, 0% used [0x00000000d5d80000,0x00000000d5d80000,0x00000000d7e00000)
  from space 5120K, 99% used [0x00000000d7e00000,0x00000000d82fa488,0x00000000d8300000)
  to   space 5120K, 0% used [0x00000000d8300000,0x00000000d8300000,0x00000000d8800000)
 ParOldGen       total 87552K, used 1036K [0x0000000081800000, 0x0000000086d80000, 0x00000000d5d80000)
  object space 87552K, 1% used [0x0000000081800000,0x0000000081903010,0x0000000086d80000)
 Metaspace       used 12786K, capacity 12980K, committed 13184K, reserved 1060864K
  class space    used 1523K, capacity 1578K, committed 1664K, reserved 1048576K
}
Event: 4.708 GC heap before
{Heap before GC invocations=2 (full 0):
 PSYoungGen      total 38400K, used 38377K [0x00000000d5d80000, 0x00000000d8800000, 0x0000000100000000)
  eden space 33280K, 100% used [0x00000000d5d80000,0x00000000d7e00000,0x00000000d7e00000)
  from space 5120K, 99% used [0x00000000d7e00000,0x00000000d82fa488,0x00000000d8300000)
  to   space 5120K, 0% used [0x00000000d8300000,0x00000000d8300000,0x00000000d8800000)
 ParOldGen       total 87552K, used 1036K [0x0000000081800000, 0x0000000086d80000, 0x00000000d5d80000)
  object space 87552K, 1% used [0x0000000081800000,0x0000000081903010,0x0000000086d80000)
 Metaspace       used 18682K, capacity 18962K, committed 19328K, reserved 1067008K
  class space    used 2308K, capacity 2392K, committed 2432K, reserved 1048576K
Event: 4.723 GC heap after
Heap after GC invocations=2 (full 0):
 PSYoungGen      total 38400K, used 5104K [0x00000000d5d80000, 0x00000000d8800000, 0x0000000100000000)
  eden space 33280K, 0% used [0x00000000d5d80000,0x00000000d5d80000,0x00000000d7e00000)
  from space 5120K, 99% used [0x00000000d8300000,0x00000000d87fc0b0,0x00000000d8800000)
  to   space 5120K, 0% used [0x00000000d7e00000,0x00000000d7e00000,0x00000000d8300000)
 ParOldGen       total 87552K, used 4714K [0x0000000081800000, 0x0000000086d80000, 0x00000000d5d80000)
  object space 87552K, 5% used [0x0000000081800000,0x0000000081c9ab78,0x0000000086d80000)
 Metaspace       used 18682K, capacity 18962K, committed 19328K, reserved 1067008K
  class space    used 2308K, capacity 2392K, committed 2432K, reserved 1048576K
}
Event: 6.430 GC heap before
{Heap before GC invocations=3 (full 0):
 PSYoungGen      total 38400K, used 21253K [0x00000000d5d80000, 0x00000000d8800000, 0x0000000100000000)
  eden space 33280K, 48% used [0x00000000d5d80000,0x00000000d6d45440,0x00000000d7e00000)
  from space 5120K, 99% used [0x00000000d8300000,0x00000000d87fc0b0,0x00000000d8800000)
  to   space 5120K, 0% used [0x00000000d7e00000,0x00000000d7e00000,0x00000000d8300000)
 ParOldGen       total 87552K, used 4714K [0x0000000081800000, 0x0000000086d80000, 0x00000000d5d80000)
  object space 87552K, 5% used [0x0000000081800000,0x0000000081c9ab78,0x0000000086d80000)
 Metaspace       used 20768K, capacity 21221K, committed 21296K, reserved 1069056K
  class space    used 2597K, capacity 2741K, committed 2816K, reserved 1048576K
Event: 6.443 GC heap after
Heap after GC invocations=3 (full 0):
 PSYoungGen      total 38400K, used 5104K [0x00000000d5d80000, 0x00000000d8800000, 0x0000000100000000)
  eden space 33280K, 0% used [0x00000000d5d80000,0x00000000d5d80000,0x00000000d7e00000)
  from space 5120K, 99% used [0x00000000d7e00000,0x00000000d82fc080,0x00000000d8300000)
  to   space 5120K, 0% used [0x00000000d8300000,0x00000000d8300000,0x00000000d8800000)
 ParOldGen       total 87552K, used 7046K [0x0000000081800000, 0x0000000086d80000, 0x00000000d5d80000)
  object space 87552K, 8% used [0x0000000081800000,0x0000000081ee19f0,0x0000000086d80000)
 Metaspace       used 20768K, capacity 21221K, committed 21296K, reserved 1069056K
  class space    used 2597K, capacity 2741K, committed 2816K, reserved 1048576K
}
Event: 6.443 GC heap before
{Heap before GC invocations=4 (full 1):
 PSYoungGen      total 38400K, used 5104K [0x00000000d5d80000, 0x00000000d8800000, 0x0000000100000000)
  eden space 33280K, 0% used [0x00000000d5d80000,0x00000000d5d80000,0x00000000d7e00000)
  from space 5120K, 99% used [0x00000000d7e00000,0x00000000d82fc080,0x00000000d8300000)
  to   space 5120K, 0% used [0x00000000d8300000,0x00000000d8300000,0x00000000d8800000)
 ParOldGen       total 87552K, used 7046K [0x0000000081800000, 0x0000000086d80000, 0x00000000d5d80000)
  object space 87552K, 8% used [0x0000000081800000,0x0000000081ee19f0,0x0000000086d80000)
 Metaspace       used 20768K, capacity 21221K, committed 21296K, reserved 1069056K
  class space    used 2597K, capacity 2741K, committed 2816K, reserved 1048576K
Event: 6.517 GC heap after
Heap after GC invocations=4 (full 1):
 PSYoungGen      total 38400K, used 0K [0x00000000d5d80000, 0x00000000d8800000, 0x0000000100000000)
  eden space 33280K, 0% used [0x00000000d5d80000,0x00000000d5d80000,0x00000000d7e00000)
  from space 5120K, 0% used [0x00000000d7e00000,0x00000000d7e00000,0x00000000d8300000)
  to   space 5120K, 0% used [0x00000000d8300000,0x00000000d8300000,0x00000000d8800000)
 ParOldGen       total 65024K, used 7893K [0x0000000081800000, 0x0000000085780000, 0x00000000d5d80000)
  object space 65024K, 12% used [0x0000000081800000,0x0000000081fb5720,0x0000000085780000)
 Metaspace       used 20768K, capacity 21221K, committed 21296K, reserved 1069056K
  class space    used 2597K, capacity 2741K, committed 2816K, reserved 1048576K
}

Deoptimization events (10 events):
Event: 9.408 Thread 0x000000001aa37800 Uncommon trap: reason=class_check action=maybe_recompile pc=0x0000000003a14ac8 method=org.openqa.selenium.json.Input.init()V @ 18
Event: 9.409 Thread 0x000000001aa37800 Uncommon trap: reason=class_check action=maybe_recompile pc=0x0000000003a14ac8 method=org.openqa.selenium.json.Input.init()V @ 18
Event: 9.409 Thread 0x000000001aa37800 Uncommon trap: reason=class_check action=maybe_recompile pc=0x0000000003a14ac8 method=org.openqa.selenium.json.Input.init()V @ 18
Event: 9.442 Thread 0x000000001aa37800 Uncommon trap: reason=unstable_if action=reinterpret pc=0x000000000382d314 method=java.util.concurrent.ConcurrentHashMap.putVal(Ljava/lang/Object;Ljava/lang/Object;Z)Ljava/lang/Object; @ 181
Event: 17.214 Thread 0x000000001aa37800 Uncommon trap: reason=unstable_if action=reinterpret pc=0x000000000369ac00 method=java.util.concurrent.ConcurrentHashMap.get(Ljava/lang/Object;)Ljava/lang/Object; @ 76
Event: 17.223 Thread 0x000000001aa37800 Uncommon trap: reason=unstable_if action=reinterpret pc=0x00000000038e7158 method=java.net.URLStreamHandler.parseURL(Ljava/net/URL;Ljava/lang/String;II)V @ 84
Event: 17.223 Thread 0x000000001aa37800 Uncommon trap: reason=unstable_if action=reinterpret pc=0x00000000037ce11c method=sun.net.util.IPAddressUtil.scan(Ljava/lang/String;JJ[C)I @ 14
Event: 17.224 Thread 0x000000001aa37800 Uncommon trap: reason=unstable_if action=reinterpret pc=0x00000000037d68dc method=java.net.URL.set(Ljava/lang/String;Ljava/lang/String;ILjava/lang/String;Ljava/lang/String;Ljava/lang/String;Ljava/lang/String;Ljava/lang/String;)V @ 23
Event: 17.665 Thread 0x000000001aa37800 Uncommon trap: reason=unstable_if action=reinterpret pc=0x00000000038bb3e8 method=java.util.jar.Manifest$FastInputStream.readLine([BII)I @ 87
Event: 18.160 Thread 0x000000001aa37800 Uncommon trap: reason=unstable_if action=reinterpret pc=0x0000000003908cc4 method=java.util.Arrays.equals([B[B)Z @ 41

Classes redefined (2 events):
Event: 544.817 Thread 0x0000000017ea8000 redefined class name=com.doosanbobcat.testscripts.AmazonMainClass, count=1
Event: 597.335 Thread 0x0000000017ea8000 redefined class name=com.doosanbobcat.testscripts.AmazonMainClass, count=2

Internal exceptions (10 events):
Event: 6.301 Thread 0x000000001aa37800 Exception <a 'java/lang/NoSuchMethodError': java.lang.Object.lambda$or$2(Ljava/util/function/Predicate;Ljava/lang/Object;)Z> (0x00000000d6a5b280) thrown at [C:\re\workspace\8-2-build-windows-amd64-cygwin\jdk8u221\13320\hotspot\src\share\vm\interpreter\lin
Event: 6.361 Thread 0x000000001aa37800 Exception <a 'java/lang/ArrayIndexOutOfBoundsException': 110> (0x00000000d6b93b08) thrown at [C:\re\workspace\8-2-build-windows-amd64-cygwin\jdk8u221\13320\hotspot\src\share\vm\interpreter\interpreterRuntime.cpp, line 368]
Event: 6.361 Thread 0x000000001aa37800 Exception <a 'java/lang/ArrayIndexOutOfBoundsException': 88> (0x00000000d6b95230) thrown at [C:\re\workspace\8-2-build-windows-amd64-cygwin\jdk8u221\13320\hotspot\src\share\vm\interpreter\interpreterRuntime.cpp, line 368]
Event: 6.362 Thread 0x000000001aa37800 Exception <a 'java/lang/ArrayIndexOutOfBoundsException': 92> (0x00000000d6b9af90) thrown at [C:\re\workspace\8-2-build-windows-amd64-cygwin\jdk8u221\13320\hotspot\src\share\vm\interpreter\interpreterRuntime.cpp, line 368]
Event: 6.363 Thread 0x000000001aa37800 Exception <a 'java/lang/ArrayIndexOutOfBoundsException': 57> (0x00000000d6ba07d0) thrown at [C:\re\workspace\8-2-build-windows-amd64-cygwin\jdk8u221\13320\hotspot\src\share\vm\interpreter\interpreterRuntime.cpp, line 368]
Event: 6.549 Thread 0x000000001aa37800 Exception <a 'java/lang/NoSuchMethodError': java.lang.Object.lambda$chars$0()Ljava/util/Spliterator$OfInt;> (0x00000000d5e5ddf8) thrown at [C:\re\workspace\8-2-build-windows-amd64-cygwin\jdk8u221\13320\hotspot\src\share\vm\interpreter\linkResolver.cpp, li
Event: 9.426 Thread 0x000000001aa37800 Exception <a 'java/lang/NoSuchMethodError': java.lang.Object.lambda$getResponseFunction$0(Lorg/openqa/selenium/remote/InitialHandshakeResponse;)Lorg/openqa/selenium/remote/ProtocolHandshake$Result;> (0x00000000d68ba068) thrown at [C:\re\workspace\8-2-buil
Event: 9.507 Thread 0x000000001aa37800 Exception <a 'java/net/SocketTimeoutException': Read timed out> (0x00000000d69d1178) thrown at [C:\re\workspace\8-2-build-windows-amd64-cygwin\jdk8u221\13320\hotspot\src\share\vm\prims\jni.cpp, line 736]
Event: 10.676 Thread 0x000000001aa37800 Exception <a 'java/net/SocketTimeoutException': Read timed out> (0x00000000d69f58e0) thrown at [C:\re\workspace\8-2-build-windows-amd64-cygwin\jdk8u221\13320\hotspot\src\share\vm\prims\jni.cpp, line 736]
Event: 10.684 Thread 0x000000001aa37800 Exception <a 'java/net/SocketTimeoutException': Read timed out> (0x00000000d6a0aed0) thrown at [C:\re\workspace\8-2-build-windows-amd64-cygwin\jdk8u221\13320\hotspot\src\share\vm\prims\jni.cpp, line 736]

Events (10 events):
Event: 597.335 Executing VM operation: RedefineClasses done
Event: 597.360 Executing VM operation: ChangeBreakpoints
Event: 597.361 Executing VM operation: ChangeBreakpoints done
Event: 597.370 Executing VM operation: EnterInterpOnlyMode
Event: 597.370 Executing VM operation: EnterInterpOnlyMode done
Event: 597.370 Executing VM operation: GetCurrentLocation
Event: 597.370 Executing VM operation: GetCurrentLocation done
Event: 597.370 Executing VM operation: ChangeSingleStep
Event: 597.370 Executing VM operation: ChangeSingleStep done
Event: 597.372 Executing VM operation: GetOrSetLocal


Dynamic libraries:
0x00007ff6515b0000 - 0x00007ff6515e7000 	C:\Program Files\Java\jre1.8.0_221\bin\javaw.exe
0x00007fffa48b0000 - 0x00007fffa4a9d000 	C:\Windows\SYSTEM32\ntdll.dll
0x00007fffa27a0000 - 0x00007fffa2853000 	C:\Windows\System32\KERNEL32.DLL
0x00007fffa0a80000 - 0x00007fffa0d13000 	C:\Windows\System32\KERNELBASE.dll
0x000000006ba10000 - 0x000000006baa3000 	C:\Windows\System32\SYSFER.DLL
0x0000000069b40000 - 0x0000000069e65000 	C:\ProgramData\Symantec\Symantec Endpoint Protection\14.2.3335.1000.105\Data\Definitions\IPSDefs\20191209.061\IPSEng64.dll
0x00007fffa1d50000 - 0x00007fffa1df3000 	C:\Windows\System32\ADVAPI32.dll
0x00007fffa4360000 - 0x00007fffa43fe000 	C:\Windows\System32\msvcrt.dll
0x00007fffa4150000 - 0x00007fffa41ee000 	C:\Windows\System32\sechost.dll
0x00007fffa1ba0000 - 0x00007fffa1cc2000 	C:\Windows\System32\RPCRT4.dll
0x00007fffa4120000 - 0x00007fffa4128000 	C:\Windows\System32\PSAPI.DLL
0x00007fffa22a0000 - 0x00007fffa2437000 	C:\Windows\System32\USER32.dll
0x00007fffa1a60000 - 0x00007fffa1a80000 	C:\Windows\System32\win32u.dll
0x00007fffa24f0000 - 0x00007fffa2519000 	C:\Windows\System32\GDI32.dll
0x00007fffa0f50000 - 0x00007fffa10e9000 	C:\Windows\System32\gdi32full.dll
0x00007fffa1270000 - 0x00007fffa1310000 	C:\Windows\System32\msvcp_win.dll
0x00007fffa10f0000 - 0x00007fffa11ea000 	C:\Windows\System32\ucrtbase.dll
0x00007fff95ef0000 - 0x00007fff96169000 	C:\Windows\WinSxS\amd64_microsoft.windows.common-controls_6595b64144ccf1df_6.0.17763.864_none_05b3441807210760\COMCTL32.dll
0x00007fffa2890000 - 0x00007fffa2bbc000 	C:\Windows\System32\combase.dll
0x00007fffa11f0000 - 0x00007fffa126e000 	C:\Windows\System32\bcryptPrimitives.dll
0x00007fffa2860000 - 0x00007fffa288e000 	C:\Windows\System32\IMM32.DLL
0x0000000069a60000 - 0x0000000069b32000 	C:\Program Files\Java\jre1.8.0_221\bin\msvcr100.dll
0x0000000069f50000 - 0x000000006a7f5000 	C:\Program Files\Java\jre1.8.0_221\bin\server\jvm.dll
0x00007fff980b0000 - 0x00007fff980b9000 	C:\Windows\SYSTEM32\WSOCK32.dll
0x00007fffa2730000 - 0x00007fffa279d000 	C:\Windows\System32\WS2_32.dll
0x00007fff9ee30000 - 0x00007fff9ee54000 	C:\Windows\SYSTEM32\WINMM.dll
0x00007fff967b0000 - 0x00007fff967ba000 	C:\Windows\SYSTEM32\VERSION.dll
0x00007fff9ee00000 - 0x00007fff9ee2d000 	C:\Windows\SYSTEM32\WINMMBASE.dll
0x00007fffa1a80000 - 0x00007fffa1aca000 	C:\Windows\System32\cfgmgr32.dll
0x00007fff97530000 - 0x00007fff9753f000 	C:\Program Files\Java\jre1.8.0_221\bin\verify.dll
0x00007fff97500000 - 0x00007fff97529000 	C:\Program Files\Java\jre1.8.0_221\bin\java.dll
0x00007fff999e0000 - 0x00007fff99a15000 	C:\Program Files\Java\jre1.8.0_221\bin\jdwp.dll
0x00007fff9d140000 - 0x00007fff9d148000 	C:\Program Files\Java\jre1.8.0_221\bin\npt.dll
0x00007fff71480000 - 0x00007fff71496000 	C:\Program Files\Java\jre1.8.0_221\bin\zip.dll
0x00007fffa2bc0000 - 0x00007fffa40b4000 	C:\Windows\System32\SHELL32.dll
0x00007fffa20f0000 - 0x00007fffa2198000 	C:\Windows\System32\shcore.dll
0x00007fffa1310000 - 0x00007fffa1a5d000 	C:\Windows\System32\windows.storage.dll
0x00007fffa08c0000 - 0x00007fffa08e4000 	C:\Windows\System32\profapi.dll
0x00007fffa0910000 - 0x00007fffa096d000 	C:\Windows\System32\powrprof.dll
0x00007fffa40c0000 - 0x00007fffa4112000 	C:\Windows\System32\shlwapi.dll
0x00007fffa08a0000 - 0x00007fffa08b1000 	C:\Windows\System32\kernel.appcore.dll
0x00007fffa0d20000 - 0x00007fffa0d37000 	C:\Windows\System32\cryptsp.dll
0x00007fff999d0000 - 0x00007fff999d9000 	C:\Program Files\Java\jre1.8.0_221\bin\dt_socket.dll
0x00007fff91a10000 - 0x00007fff91a26000 	C:\Windows\system32\napinsp.dll
0x00007fff91a30000 - 0x00007fff91a4a000 	C:\Windows\system32\pnrpnsp.dll
0x00007fffa0110000 - 0x00007fffa0177000 	C:\Windows\System32\mswsock.dll
0x00007fff9fe80000 - 0x00007fff9ff46000 	C:\Windows\SYSTEM32\DNSAPI.dll
0x00007fffa2210000 - 0x00007fffa2218000 	C:\Windows\System32\NSI.dll
0x00007fff9fe30000 - 0x00007fff9fe6d000 	C:\Windows\SYSTEM32\IPHLPAPI.DLL
0x00007fff91a50000 - 0x00007fff91a5e000 	C:\Windows\System32\winrnr.dll
0x00007fff9d0b0000 - 0x00007fff9d0cb000 	C:\Windows\system32\NLAapi.dll
0x00007fff974d0000 - 0x00007fff974e5000 	C:\Windows\system32\wshbth.dll
0x00007fff99490000 - 0x00007fff99509000 	C:\Windows\System32\fwpuclnt.dll
0x00007fffa0d40000 - 0x00007fffa0d66000 	C:\Windows\System32\bcrypt.dll
0x00007fff93210000 - 0x00007fff9321a000 	C:\Windows\System32\rasadhlp.dll
0x00007fff71370000 - 0x00007fff7138a000 	C:\Program Files\Java\jre1.8.0_221\bin\net.dll
0x00007fff932c0000 - 0x00007fff93497000 	C:\Windows\SYSTEM32\urlmon.dll
0x00007fff93910000 - 0x00007fff93bb8000 	C:\Windows\SYSTEM32\iertutil.dll
0x00007fffa02e0000 - 0x00007fffa02ec000 	C:\Windows\SYSTEM32\CRYPTBASE.DLL
0x00007fff9fa30000 - 0x00007fff9fa63000 	C:\Windows\system32\rsaenh.dll
0x00007fffa07a0000 - 0x00007fffa07c8000 	C:\Windows\SYSTEM32\USERENV.dll
0x00007fff98d40000 - 0x00007fff98d56000 	C:\Windows\SYSTEM32\dhcpcsvc6.DLL
0x00007fff98a90000 - 0x00007fff98aac000 	C:\Windows\SYSTEM32\dhcpcsvc.DLL
0x00007fff712a0000 - 0x00007fff712b2000 	C:\Program Files\Java\jre1.8.0_221\bin\nio.dll
0x00007fff875a0000 - 0x00007fff875c4000 	C:\Program Files\Java\jre1.8.0_221\bin\sunec.dll
0x00007fff80e70000 - 0x00007fff80e7b000 	C:\Program Files\Java\jre1.8.0_221\bin\sunmscapi.dll
0x00007fffa0d70000 - 0x00007fffa0f4b000 	C:\Windows\System32\CRYPT32.dll
0x00007fffa08f0000 - 0x00007fffa0902000 	C:\Windows\System32\MSASN1.dll

VM Arguments:
jvm_args: -agentlib:jdwp=transport=dt_socket,suspend=y,address=localhost:63387 -ea -Dfile.encoding=Cp1252 
java_command: org.testng.remote.RemoteTestNG -serport 63386 -protocol json -d D:\DBFramework\DBFramework\test-output D:\DBFramework\DBFramework\xmldoc\NewFile.xml
java_class_path (initial): D:\eclipse-jee-2019-06-R-win32-x86_64\eclipse\configuration\org.eclipse.osgi\962\0\.cp\lib\testng-remote.jar;D:\DBFramework\DBFramework\target\test-classes;D:\DBFramework\DBFramework\target\classes;D:\eclipse-jee-2019-06-R-win32-x86_64\eclipse\plugins\org.testng_6.14.3.r201802240500.jar;D:\eclipse-jee-2019-06-R-win32-x86_64\eclipse\plugins\com.beust.jcommander_1.72.0.jar;D:\eclipse-jee-2019-06-R-win32-x86_64\eclipse\plugins\org.apache-extras.beanshell.bsh_2.0.0.b6.jar;D:\eclipse-jee-2019-06-R-win32-x86_64\eclipse\plugins\org.yaml.snakeyaml_1.17.0.jar;C:\Users\maashik\.m2\repository\junit\junit\3.8.1\junit-3.8.1.jar;C:\Users\maashik\.m2\repository\org\testng\testng\7.0.0\testng-7.0.0.jar;C:\Users\maashik\.m2\repository\com\beust\jcommander\1.72\jcommander-1.72.jar;C:\Users\maashik\.m2\repository\org\seleniumhq\selenium\selenium-server\3.141.59\selenium-server-3.141.59.jar;C:\Users\maashik\.m2\repository\org\seleniumhq\selenium\selenium-api\3.141.59\selenium-api-3.141.59.jar;C:\Users\maashik\.m2\repository\org\seleniumhq\selenium\selenium-edge-driver\3.141.59\selenium-edge-driver-3.141.59.jar;C:\Users\maashik\.m2\repository\org\seleniumhq\selenium\selenium-firefox-driver\3.141.59\selenium-firefox-driver-3.141.59.jar;C:\Users\maashik\.m2\repository\org\seleniumhq\selenium\selenium-ie-driver\3.141.59\selenium-ie-driver-3.141.59.jar;C:\Users\maashik\.m2\repository\org\seleniumhq\selenium\selenium-opera-driver\3.141.59\selenium-opera-driver-3.141.59.jar;C:\Users\maashik\.m2\repository\org\seleniumhq\selenium\selenium-remote-driver\3.141.59\selenium-remote-driver-3.141.59.jar;C:\Users\maashik\.m2\repository\org\seleniumhq\selenium\selenium-safari-driver\3.141.59\selenium-safari-driver-3.141.59.jar;C:\Users\maashik\.m2\repository\org\seleniumhq\selenium\selenium-support\3.141.59\selenium-support-3.141.59.jar;C:\Users\maashik\.m2\repository\net\bytebuddy\byte-buddy\1.8.15\byte-buddy-1.8.15.jar;C:\Users\maashik\.m2\repository\org\apache\commons\co
Launcher Type: SUN_STANDARD

Environment Variables:
JAVA_HOME=C:\Users\maashik\Downloads\jdk-8u221-windows-x64.exe
PATH=C:/Program Files/Java/jre1.8.0_221/bin/server;C:/Program Files/Java/jre1.8.0_221/bin;C:/Program Files/Java/jre1.8.0_221/lib/amd64;C:\Program Files (x86)\Common Files\Oracle\Java\javapath;C:\Windows\system32;C:\Windows;C:\Windows\System32\Wbem;C:\Windows\System32\WindowsPowerShell\v1.0\;C:\Windows\System32\OpenSSH\;C:\Users\maashik\AppData\Local\Microsoft\WindowsApps;;D:\eclipse-jee-2019-06-R-win32-x86_64\eclipse;
USERNAME=maashik
OS=Windows_NT
PROCESSOR_IDENTIFIER=Intel64 Family 6 Model 69 Stepping 1, GenuineIntel



---------------  S Y S T E M  ---------------

OS: Windows 10.0 , 64 bit Build 17763 (10.0.17763.475)

CPU:total 4 (initial active 4) (2 cores per cpu, 2 threads per core) family 6 model 69 stepping 1, cmov, cx8, fxsr, mmx, sse, sse2, sse3, ssse3, sse4.1, sse4.2, popcnt, avx, avx2, aes, clmul, erms, lzcnt, ht, tsc, tscinvbit, bmi1, bmi2

Memory: 4k page, physical 8290128k(3620760k free), swap 8814416k(3353844k free)

vm_info: Java HotSpot(TM) 64-Bit Server VM (25.221-b11) for windows-amd64 JRE (1.8.0_221-b11), built on Jul  4 2019 04:39:29 by "java_re" with MS VC++ 10.0 (VS2010)

time: Wed Dec 11 12:00:33 2019
timezone: India Standard Time
elapsed time: 597 seconds (0d 0h 9m 57s)

